[debug] [2022-02-03T12:09:36.458Z] ----------------------------------------------------------------------
[debug] [2022-02-03T12:09:36.462Z] Command:       C:\Program Files\nodejs\node.exe C:\Users\danie\AppData\Roaming\npm\node_modules\firebase-tools\lib\bin\firebase.js deploy
[debug] [2022-02-03T12:09:36.463Z] CLI Version:   10.1.0
[debug] [2022-02-03T12:09:36.463Z] Platform:      win32
[debug] [2022-02-03T12:09:36.463Z] Node Version:  v12.18.0
[debug] [2022-02-03T12:09:36.465Z] Time:          Thu Feb 03 2022 22:39:36 GMT+1030 (Australian Central Daylight Time)
[debug] [2022-02-03T12:09:36.466Z] ----------------------------------------------------------------------
[debug] 
[debug] [2022-02-03T12:09:36.471Z] >>> [apiv2][query] GET https://firebase-public.firebaseio.com/cli.json [none]
[debug] [2022-02-03T12:09:36.611Z] > command requires scopes: ["email","openid","https://www.googleapis.com/auth/cloudplatformprojects.readonly","https://www.googleapis.com/auth/firebase","https://www.googleapis.com/auth/cloud-platform"]
[debug] [2022-02-03T12:09:36.611Z] > authorizing via signed-in user (daniel.moderiano@gmail.com)
[debug] [2022-02-03T12:09:36.612Z] [iam] checking project optom-rx-dcb2e for permissions ["datastore.indexes.create","datastore.indexes.delete","datastore.indexes.list","datastore.indexes.update","firebase.projects.get","firebasehosting.sites.update"]
[debug] [2022-02-03T12:09:36.614Z] > refreshing access token with scopes: ["email","https://www.googleapis.com/auth/cloud-platform","https://www.googleapis.com/auth/cloudplatformprojects.readonly","https://www.googleapis.com/auth/firebase","openid"]
[debug] [2022-02-03T12:09:36.615Z] >>> HTTP REQUEST POST https://www.googleapis.com/oauth2/v3/token  
 <request body omitted>
[debug] [2022-02-03T12:09:36.927Z] <<< HTTP RESPONSE 200 {"cache-control":"no-cache, no-store, max-age=0, must-revalidate","date":"Thu, 03 Feb 2022 12:09:37 GMT","pragma":"no-cache","expires":"Mon, 01 Jan 1990 00:00:00 GMT","content-type":"application/json; charset=utf-8","vary":"X-Origin, Referer, Origin,Accept-Encoding","server":"scaffolding on HTTPServer2","x-xss-protection":"0","x-frame-options":"SAMEORIGIN","x-content-type-options":"nosniff","alt-svc":"h3=\":443\"; ma=2592000,h3-29=\":443\"; ma=2592000,h3-Q050=\":443\"; ma=2592000,h3-Q046=\":443\"; ma=2592000,h3-Q043=\":443\"; ma=2592000,quic=\":443\"; ma=2592000; v=\"46,43\"","accept-ranges":"none","transfer-encoding":"chunked"}
[debug] [2022-02-03T12:09:36.959Z] >>> HTTP REQUEST POST https://cloudresourcemanager.googleapis.com/v1/projects/optom-rx-dcb2e:testIamPermissions  
 {"permissions":["datastore.indexes.create","datastore.indexes.delete","datastore.indexes.list","datastore.indexes.update","firebase.projects.get","firebasehosting.sites.update"]}
[debug] [2022-02-03T12:09:37.312Z] <<< [apiv2][status] GET https://firebase-public.firebaseio.com/cli.json 200
[debug] [2022-02-03T12:09:37.312Z] <<< [apiv2][body] GET https://firebase-public.firebaseio.com/cli.json {"cloudBuildErrorAfter":1594252800000,"cloudBuildWarnAfter":1590019200000,"defaultNode10After":1594252800000,"minVersion":"3.0.5","node8DeploysDisabledAfter":1613390400000,"node8RuntimeDisabledAfter":1615809600000,"node8WarnAfter":1600128000000}
[debug] [2022-02-03T12:09:38.174Z] <<< HTTP RESPONSE 200 {"content-type":"application/json; charset=UTF-8","vary":"X-Origin, Referer, Origin,Accept-Encoding","date":"Thu, 03 Feb 2022 12:09:38 GMT","server":"ESF","cache-control":"private","x-xss-protection":"0","x-frame-options":"SAMEORIGIN","x-content-type-options":"nosniff","server-timing":"gfet4t7; dur=935","alt-svc":"h3=\":443\"; ma=2592000,h3-29=\":443\"; ma=2592000,h3-Q050=\":443\"; ma=2592000,h3-Q046=\":443\"; ma=2592000,h3-Q043=\":443\"; ma=2592000,quic=\":443\"; ma=2592000; v=\"46,43\"","accept-ranges":"none","transfer-encoding":"chunked"}
[debug] [2022-02-03T12:09:38.176Z] > refreshing access token with scopes: []
[debug] [2022-02-03T12:09:38.177Z] >>> HTTP REQUEST POST https://www.googleapis.com/oauth2/v3/token  
 <request body omitted>
[debug] [2022-02-03T12:09:38.458Z] <<< HTTP RESPONSE 200 {"cache-control":"no-cache, no-store, max-age=0, must-revalidate","pragma":"no-cache","date":"Thu, 03 Feb 2022 12:09:38 GMT","expires":"Mon, 01 Jan 1990 00:00:00 GMT","content-type":"application/json; charset=utf-8","vary":"X-Origin, Referer, Origin,Accept-Encoding","server":"scaffolding on HTTPServer2","x-xss-protection":"0","x-frame-options":"SAMEORIGIN","x-content-type-options":"nosniff","alt-svc":"h3=\":443\"; ma=2592000,h3-29=\":443\"; ma=2592000,h3-Q050=\":443\"; ma=2592000,h3-Q046=\":443\"; ma=2592000,h3-Q043=\":443\"; ma=2592000,quic=\":443\"; ma=2592000; v=\"46,43\"","accept-ranges":"none","transfer-encoding":"chunked"}
[debug] [2022-02-03T12:09:38.488Z] >>> [apiv2][query] GET https://firebase.googleapis.com/v1beta1/projects/optom-rx-dcb2e [none]
[debug] [2022-02-03T12:09:39.003Z] <<< [apiv2][status] GET https://firebase.googleapis.com/v1beta1/projects/optom-rx-dcb2e 200
[debug] [2022-02-03T12:09:39.004Z] <<< [apiv2][body] GET https://firebase.googleapis.com/v1beta1/projects/optom-rx-dcb2e {"projectId":"optom-rx-dcb2e","projectNumber":"1057936692796","displayName":"optom-rx","name":"projects/optom-rx-dcb2e","resources":{"hostingSite":"optom-rx-dcb2e","storageBucket":"optom-rx-dcb2e.appspot.com","locationId":"australia-southeast1"},"state":"ACTIVE"}
[info] 
[info] === Deploying to 'optom-rx-dcb2e'...
[info] 
[info] i  deploying firestore, hosting 
[info] i  firestore: reading indexes from firestore.indexes.json... 
[info] i  cloud.firestore: checking firestore.rules for compilation errors... 
[debug] [2022-02-03T12:09:39.027Z] > refreshing access token with scopes: ["email","https://www.googleapis.com/auth/cloud-platform","https://www.googleapis.com/auth/cloudplatformprojects.readonly","https://www.googleapis.com/auth/firebase","openid"]
[debug] [2022-02-03T12:09:39.027Z] >>> HTTP REQUEST POST https://www.googleapis.com/oauth2/v3/token  
 <request body omitted>
[debug] [2022-02-03T12:09:39.298Z] <<< HTTP RESPONSE 200 {"date":"Thu, 03 Feb 2022 12:09:39 GMT","cache-control":"no-cache, no-store, max-age=0, must-revalidate","pragma":"no-cache","expires":"Mon, 01 Jan 1990 00:00:00 GMT","content-type":"application/json; charset=utf-8","vary":"X-Origin, Referer, Origin,Accept-Encoding","server":"scaffolding on HTTPServer2","x-xss-protection":"0","x-frame-options":"SAMEORIGIN","x-content-type-options":"nosniff","alt-svc":"h3=\":443\"; ma=2592000,h3-29=\":443\"; ma=2592000,h3-Q050=\":443\"; ma=2592000,h3-Q046=\":443\"; ma=2592000,h3-Q043=\":443\"; ma=2592000,quic=\":443\"; ma=2592000; v=\"46,43\"","accept-ranges":"none","transfer-encoding":"chunked"}
[debug] [2022-02-03T12:09:39.314Z] >>> HTTP REQUEST POST https://firebaserules.googleapis.com/v1/projects/optom-rx-dcb2e:test  
 {"source":{"files":[{"name":"firestore.rules","content":"rules_version = '2';\r\nservice cloud.firestore {\r\n  match /databases/{database}/documents {\r\n    match /users/{user_id} {\r\n      allow read, create: if request.auth != null;\r\n      allow update, delete: if request.auth.uid == user_id;\r\n    }\r\n    match /pbs/{item_code} {\r\n      allow read: if request.auth != null;\r\n    }\r\n    match /prescribers/{prescriber_id} {\r\n      allow read, create: if request.auth != null;\r\n      allow update, delete: if request.auth.uid == resource.data.uid;\r\n    }\r\n    match /scripts/{script_id} {\r\n      allow read, create, update: if request.auth != null;\r\n    }\r\n    match /numbers/{user_id} {\r\n      allow read, update: if request.auth != null;\r\n    }\r\n  }\r\n}\r\n\r\n// numbers collection\r\n// - any authenticated user can read and update it (but cannot create or delete)\r\n\r\n// pbs collection\r\n// - read only by authenticated users\r\n\r\n// prescribers collection\r\n// - any authenticated user can read, update, create, but only for documents where their uid matches the uid in the prescriber document\r\n\r\n// scripts collection\r\n// - any authenticated user can read, create, and update documents, but cannot delete\r\n\r\n// users collection\r\n// - any authenticated user can read and create\r\n// - only users who 'own' the document can update it (i.e. matching user ID)\r\n"}]}}
[debug] [2022-02-03T12:09:40.928Z] <<< HTTP RESPONSE 200 {"content-type":"application/json; charset=UTF-8","vary":"X-Origin, Referer, Origin,Accept-Encoding","date":"Thu, 03 Feb 2022 12:09:40 GMT","server":"ESF","cache-control":"private","x-xss-protection":"0","x-frame-options":"SAMEORIGIN","x-content-type-options":"nosniff","alt-svc":"h3=\":443\"; ma=2592000,h3-29=\":443\"; ma=2592000,h3-Q050=\":443\"; ma=2592000,h3-Q046=\":443\"; ma=2592000,h3-Q043=\":443\"; ma=2592000,quic=\":443\"; ma=2592000; v=\"46,43\"","accept-ranges":"none","transfer-encoding":"chunked"}
[info] +  cloud.firestore: rules file firestore.rules compiled successfully 
[debug] [2022-02-03T12:09:40.938Z] >>> HTTP REQUEST POST https://firebasehosting.googleapis.com/v1beta1/sites/optom-rx-dcb2e/versions  
 {"config":{"rewrites":[{"glob":"**","path":"/index.html"}]},"labels":{"deployment-tool":"cli-firebase"}}
[debug] [2022-02-03T12:09:42.586Z] <<< HTTP RESPONSE 200 {"content-type":"application/json; charset=UTF-8","vary":"X-Origin, Referer, Origin,Accept-Encoding","date":"Thu, 03 Feb 2022 12:09:42 GMT","server":"ESF","cache-control":"private","x-xss-protection":"0","x-frame-options":"SAMEORIGIN","x-content-type-options":"nosniff","alt-svc":"h3=\":443\"; ma=2592000,h3-29=\":443\"; ma=2592000,h3-Q050=\":443\"; ma=2592000,h3-Q046=\":443\"; ma=2592000,h3-Q043=\":443\"; ma=2592000,quic=\":443\"; ma=2592000; v=\"46,43\"","accept-ranges":"none","transfer-encoding":"chunked"}
[debug] [2022-02-03T12:09:42.592Z] >>> HTTP REQUEST GET https://firebaserules.googleapis.com/v1/projects/optom-rx-dcb2e/releases?pageSize=10&pageToken=  
 
[debug] [2022-02-03T12:09:42.592Z] >>> HTTP REQUEST GET https://firestore.googleapis.com/v1/projects/optom-rx-dcb2e/databases/(default)/collectionGroups/-/indexes  
 
[debug] [2022-02-03T12:09:42.998Z] <<< HTTP RESPONSE 200 {"content-type":"application/json; charset=UTF-8","vary":"X-Origin, Referer, Origin,Accept-Encoding","date":"Thu, 03 Feb 2022 12:09:43 GMT","server":"ESF","cache-control":"private","x-xss-protection":"0","x-frame-options":"SAMEORIGIN","x-content-type-options":"nosniff","alt-svc":"h3=\":443\"; ma=2592000,h3-29=\":443\"; ma=2592000,h3-Q050=\":443\"; ma=2592000,h3-Q046=\":443\"; ma=2592000,h3-Q043=\":443\"; ma=2592000,quic=\":443\"; ma=2592000; v=\"46,43\"","accept-ranges":"none","transfer-encoding":"chunked"}
[debug] [2022-02-03T12:09:43.000Z] >>> HTTP REQUEST GET https://firestore.googleapis.com/v1/projects/optom-rx-dcb2e/databases/(default)/collectionGroups/-/fields?filter=indexConfig.usesAncestorConfig=false  
 
[debug] [2022-02-03T12:09:43.369Z] <<< HTTP RESPONSE 200 {"content-type":"application/json; charset=UTF-8","vary":"X-Origin, Referer, Origin,Accept-Encoding","date":"Thu, 03 Feb 2022 12:09:43 GMT","server":"ESF","cache-control":"private","x-xss-protection":"0","x-frame-options":"SAMEORIGIN","x-content-type-options":"nosniff","alt-svc":"h3=\":443\"; ma=2592000,h3-29=\":443\"; ma=2592000,h3-Q050=\":443\"; ma=2592000,h3-Q046=\":443\"; ma=2592000,h3-Q043=\":443\"; ma=2592000,quic=\":443\"; ma=2592000; v=\"46,43\"","accept-ranges":"none","transfer-encoding":"chunked"}
[info] +  firestore: deployed indexes in firestore.indexes.json successfully 
